2022-03-11 18:00:56,979 [main] INFO  org.springframework.data.repository.config.RepositoryConfigurationDelegate(registerRepositoriesIn:132) - Bootstrapping Spring Data JPA repositories in DEFAULT mode.
2022-03-11 18:00:57,020 [main] INFO  org.springframework.data.repository.config.RepositoryConfigurationDelegate(registerRepositoriesIn:201) - Finished Spring Data repository scanning in 32 ms. Found 1 JPA repository interfaces.
2022-03-11 18:00:57,275 [main] INFO  org.springframework.context.support.PostProcessorRegistrationDelegate$BeanPostProcessorChecker(postProcessAfterInitialization:376) - Bean 'org.springframework.ws.config.annotation.DelegatingWsConfiguration' of type [org.springframework.ws.config.annotation.DelegatingWsConfiguration$$EnhancerBySpringCGLIB$$cf74e327] is not eligible for getting processed by all BeanPostProcessors (for example: not eligible for auto-proxying)
2022-03-11 18:00:57,344 [main] INFO  org.springframework.ws.soap.addressing.server.AnnotationActionEndpointMapping(afterPropertiesSet:239) - Supporting [WS-Addressing August 2004, WS-Addressing 1.0]
2022-03-11 18:00:57,584 [main] INFO  org.springframework.boot.web.embedded.tomcat.TomcatWebServer(initialize:108) - Tomcat initialized with port(s): 8080 (http)
2022-03-11 18:00:57,649 [main] INFO  org.springframework.boot.web.servlet.context.ServletWebServerApplicationContext(prepareWebApplicationContext:290) - Root WebApplicationContext: initialization completed in 1296 ms
2022-03-11 18:00:57,659 [main] ERROR org.springframework.boot.web.embedded.tomcat.TomcatStarter(onStartup:61) - Error starting Tomcat context. Exception: org.springframework.beans.factory.UnsatisfiedDependencyException. Message: Error creating bean with name 'h2Console' defined in class path resource [org/springframework/boot/autoconfigure/h2/H2ConsoleAutoConfiguration.class]: Unsatisfied dependency expressed through method 'h2Console' parameter 0; nested exception is org.springframework.boot.context.properties.ConfigurationPropertiesBindException: Error creating bean with name 'spring.h2.console-org.springframework.boot.autoconfigure.h2.H2ConsoleProperties': Could not bind properties to 'H2ConsoleProperties' : prefix=spring.h2.console, ignoreInvalidFields=false, ignoreUnknownFields=true; nested exception is org.springframework.boot.context.properties.bind.BindException: Failed to bind properties under 'spring.h2.console' to org.springframework.boot.autoconfigure.h2.H2ConsoleProperties
2022-03-11 18:00:57,680 [main] WARN  org.springframework.boot.web.servlet.context.AnnotationConfigServletWebServerApplicationContext(refresh:591) - Exception encountered during context initialization - cancelling refresh attempt: org.springframework.context.ApplicationContextException: Unable to start web server; nested exception is org.springframework.boot.web.server.WebServerException: Unable to start embedded Tomcat
2022-03-11 18:00:57,693 [main] INFO  org.springframework.boot.autoconfigure.logging.ConditionEvaluationReportLoggingListener(logMessage:136) - 

Error starting ApplicationContext. To display the conditions report re-run your application with 'debug' enabled.
2022-03-11 18:00:57,705 [main] ERROR org.springframework.boot.diagnostics.LoggingFailureAnalysisReporter(report:40) - 

***************************
APPLICATION FAILED TO START
***************************

Description:

Failed to bind properties under 'spring.h2.console' to org.springframework.boot.autoconfigure.h2.H2ConsoleProperties:

    Property: spring.h2.console.path
    Value: h2-console
    Origin: class path resource [application.properties] - 2:24
    Reason: java.lang.IllegalArgumentException: Path must start with '/'

Action:

Update your application's configuration

